<?xml version="1.0" encoding="UTF-8"?>
<!-- Generated by org.testng.reporters.JUnitReportReporter -->
<testsuite skipped="0" hostname="ATMECSINLT-044" name="com.atmecs.phptravels.tests.PhpTravels_signUp" tests="5" failures="0" timestamp="18 Sep 2019 15:23:49 GMT" time="169.098" errors="0">
  <testcase name="signUp" time="29.054" classname="com.atmecs.phptravels.tests.PhpTravels_signUp"/>
  <testcase name="signUp" time="40.514" classname="com.atmecs.phptravels.tests.PhpTravels_signUp"/>
  <testcase name="signUp" time="34.131" classname="com.atmecs.phptravels.tests.PhpTravels_signUp"/>
  <testcase name="signUp" time="30.426" classname="com.atmecs.phptravels.tests.PhpTravels_signUp"/>
  <testcase name="signUp" time="34.973" classname="com.atmecs.phptravels.tests.PhpTravels_signUp"/>
</testsuite> <!-- com.atmecs.phptravels.tests.PhpTravels_signUp -->
